2016/11/15 06:15:04 [error] 6#6: *11 FastCGI sent in stderr: "PHP message: PHP Fatal error:  Uncaught UnexpectedValueException: The stream or file "/var/www/storage/logs/laravel.log" could not be opened: failed to open stream: Permission denied in /var/www/vendor/monolog/monolog/src/Monolog/Handler/StreamHandler.php:107
Stack trace:
#0 /var/www/vendor/monolog/monolog/src/Monolog/Handler/AbstractProcessingHandler.php(37): Monolog\Handler\StreamHandler->write(Array)
#1 /var/www/vendor/monolog/monolog/src/Monolog/Logger.php(336): Monolog\Handler\AbstractProcessingHandler->handle(Array)
#2 /var/www/vendor/monolog/monolog/src/Monolog/Logger.php(615): Monolog\Logger->addRecord(400, Object(UnexpectedValueException), Array)
#3 /var/www/vendor/laravel/framework/src/Illuminate/Log/Writer.php(202): Monolog\Logger->error(Object(UnexpectedValueException), Array)
#4 /var/www/vendor/laravel/framework/src/Illuminate/Log/Writer.php(113): Illuminate\Log\Writer->writeLog('error', Object(UnexpectedValueException), Array)
#5 /var/www/vendor/laravel/framework/src/Illuminate/Foundation/Ex...
PHP message: PHP Fatal error:  Uncaught UnexpectedValueException: The stream or file "/var/www/storage/logs/laravel.log" could not be opened: failed to open stream: Permission denied in /var/www/vendor/monolog/monolog/src/Monolog/Handler/StreamHandler.php:107
Stack trace:
#0 /var/www/vendor/monolog/monolog/src/Monolog/Handler/AbstractProcessingHandler.php(37): Monolog\Handler\StreamHandler->write(Array)
#1 /var/www/vendor/monolog/monolog/src/Monolog/Logger.php(336): Monolog\Handler\AbstractProcessingHandler->handle(Array)
#2 /var/www/vendor/monolog/monolog/src/Monolog/Logger.php(615): Monolog\Logger->addRecord(400, Object(Symfony\Component\Debug\Exception\FatalErrorException), Array)
#3 /var/www/vendor/laravel/framework/src/Illuminate/Log/Writer.php(202): Monolog\Logger->error(Object(Symfony\Component\Debug\Exception\FatalErrorException), Array)
#4 /var/www/vendor/laravel/framework/src/Illuminate/Log/Writer.php(113): Illuminate\Log\Writer->writeLo
2016/11/15 06:15:06 [error] 6#6: *11 FastCGI sent in stderr: "PHP message: PHP Fatal error:  Uncaught UnexpectedValueException: The stream or file "/var/www/storage/logs/laravel.log" could not be opened: failed to open stream: Permission denied in /var/www/vendor/monolog/monolog/src/Monolog/Handler/StreamHandler.php:107
Stack trace:
#0 /var/www/vendor/monolog/monolog/src/Monolog/Handler/AbstractProcessingHandler.php(37): Monolog\Handler\StreamHandler->write(Array)
#1 /var/www/vendor/monolog/monolog/src/Monolog/Logger.php(336): Monolog\Handler\AbstractProcessingHandler->handle(Array)
#2 /var/www/vendor/monolog/monolog/src/Monolog/Logger.php(615): Monolog\Logger->addRecord(400, Object(UnexpectedValueException), Array)
#3 /var/www/vendor/laravel/framework/src/Illuminate/Log/Writer.php(202): Monolog\Logger->error(Object(UnexpectedValueException), Array)
#4 /var/www/vendor/laravel/framework/src/Illuminate/Log/Writer.php(113): Illuminate\Log\Writer->writeLog('error', Object(UnexpectedValueException), Array)
#5 /var/www/vendor/laravel/framework/src/Illuminate/Foundation/Ex...
PHP message: PHP Fatal error:  Uncaught UnexpectedValueException: The stream or file "/var/www/storage/logs/laravel.log" could not be opened: failed to open stream: Permission denied in /var/www/vendor/monolog/monolog/src/Monolog/Handler/StreamHandler.php:107
Stack trace:
#0 /var/www/vendor/monolog/monolog/src/Monolog/Handler/AbstractProcessingHandler.php(37): Monolog\Handler\StreamHandler->write(Array)
#1 /var/www/vendor/monolog/monolog/src/Monolog/Logger.php(336): Monolog\Handler\AbstractProcessingHandler->handle(Array)
#2 /var/www/vendor/monolog/monolog/src/Monolog/Logger.php(615): Monolog\Logger->addRecord(400, Object(Symfony\Component\Debug\Exception\FatalErrorException), Array)
#3 /var/www/vendor/laravel/framework/src/Illuminate/Log/Writer.php(202): Monolog\Logger->error(Object(Symfony\Component\Debug\Exception\FatalErrorException), Array)
#4 /var/www/vendor/laravel/framework/src/Illuminate/Log/Writer.php(113): Illuminate\Log\Writer->writeLo
2016/11/15 06:15:07 [error] 6#6: *11 FastCGI sent in stderr: "PHP message: PHP Fatal error:  Uncaught UnexpectedValueException: The stream or file "/var/www/storage/logs/laravel.log" could not be opened: failed to open stream: Permission denied in /var/www/vendor/monolog/monolog/src/Monolog/Handler/StreamHandler.php:107
Stack trace:
#0 /var/www/vendor/monolog/monolog/src/Monolog/Handler/AbstractProcessingHandler.php(37): Monolog\Handler\StreamHandler->write(Array)
#1 /var/www/vendor/monolog/monolog/src/Monolog/Logger.php(336): Monolog\Handler\AbstractProcessingHandler->handle(Array)
#2 /var/www/vendor/monolog/monolog/src/Monolog/Logger.php(615): Monolog\Logger->addRecord(400, Object(UnexpectedValueException), Array)
#3 /var/www/vendor/laravel/framework/src/Illuminate/Log/Writer.php(202): Monolog\Logger->error(Object(UnexpectedValueException), Array)
#4 /var/www/vendor/laravel/framework/src/Illuminate/Log/Writer.php(113): Illuminate\Log\Writer->writeLog('error', Object(UnexpectedValueException), Array)
#5 /var/www/vendor/laravel/framework/src/Illuminate/Foundation/Ex...
PHP message: PHP Fatal error:  Uncaught UnexpectedValueException: The stream or file "/var/www/storage/logs/laravel.log" could not be opened: failed to open stream: Permission denied in /var/www/vendor/monolog/monolog/src/Monolog/Handler/StreamHandler.php:107
Stack trace:
#0 /var/www/vendor/monolog/monolog/src/Monolog/Handler/AbstractProcessingHandler.php(37): Monolog\Handler\StreamHandler->write(Array)
#1 /var/www/vendor/monolog/monolog/src/Monolog/Logger.php(336): Monolog\Handler\AbstractProcessingHandler->handle(Array)
#2 /var/www/vendor/monolog/monolog/src/Monolog/Logger.php(615): Monolog\Logger->addRecord(400, Object(Symfony\Component\Debug\Exception\FatalErrorException), Array)
#3 /var/www/vendor/laravel/framework/src/Illuminate/Log/Writer.php(202): Monolog\Logger->error(Object(Symfony\Component\Debug\Exception\FatalErrorException), Array)
#4 /var/www/vendor/laravel/framework/src/Illuminate/Log/Writer.php(113): Illuminate\Log\Writer->writeLo
2016/11/15 06:15:08 [error] 6#6: *11 FastCGI sent in stderr: "PHP message: PHP Fatal error:  Uncaught UnexpectedValueException: The stream or file "/var/www/storage/logs/laravel.log" could not be opened: failed to open stream: Permission denied in /var/www/vendor/monolog/monolog/src/Monolog/Handler/StreamHandler.php:107
Stack trace:
#0 /var/www/vendor/monolog/monolog/src/Monolog/Handler/AbstractProcessingHandler.php(37): Monolog\Handler\StreamHandler->write(Array)
#1 /var/www/vendor/monolog/monolog/src/Monolog/Logger.php(336): Monolog\Handler\AbstractProcessingHandler->handle(Array)
#2 /var/www/vendor/monolog/monolog/src/Monolog/Logger.php(615): Monolog\Logger->addRecord(400, Object(UnexpectedValueException), Array)
#3 /var/www/vendor/laravel/framework/src/Illuminate/Log/Writer.php(202): Monolog\Logger->error(Object(UnexpectedValueException), Array)
#4 /var/www/vendor/laravel/framework/src/Illuminate/Log/Writer.php(113): Illuminate\Log\Writer->writeLog('error', Object(UnexpectedValueException), Array)
#5 /var/www/vendor/laravel/framework/src/Illuminate/Foundation/Ex...
PHP message: PHP Fatal error:  Uncaught UnexpectedValueException: The stream or file "/var/www/storage/logs/laravel.log" could not be opened: failed to open stream: Permission denied in /var/www/vendor/monolog/monolog/src/Monolog/Handler/StreamHandler.php:107
Stack trace:
#0 /var/www/vendor/monolog/monolog/src/Monolog/Handler/AbstractProcessingHandler.php(37): Monolog\Handler\StreamHandler->write(Array)
#1 /var/www/vendor/monolog/monolog/src/Monolog/Logger.php(336): Monolog\Handler\AbstractProcessingHandler->handle(Array)
#2 /var/www/vendor/monolog/monolog/src/Monolog/Logger.php(615): Monolog\Logger->addRecord(400, Object(Symfony\Component\Debug\Exception\FatalErrorException), Array)
#3 /var/www/vendor/laravel/framework/src/Illuminate/Log/Writer.php(202): Monolog\Logger->error(Object(Symfony\Component\Debug\Exception\FatalErrorException), Array)
#4 /var/www/vendor/laravel/framework/src/Illuminate/Log/Writer.php(113): Illuminate\Log\Writer->writeLo
2016/11/15 06:15:12 [error] 6#6: *11 FastCGI sent in stderr: "PHP message: PHP Fatal error:  Uncaught UnexpectedValueException: The stream or file "/var/www/storage/logs/laravel.log" could not be opened: failed to open stream: Permission denied in /var/www/vendor/monolog/monolog/src/Monolog/Handler/StreamHandler.php:107
Stack trace:
#0 /var/www/vendor/monolog/monolog/src/Monolog/Handler/AbstractProcessingHandler.php(37): Monolog\Handler\StreamHandler->write(Array)
#1 /var/www/vendor/monolog/monolog/src/Monolog/Logger.php(336): Monolog\Handler\AbstractProcessingHandler->handle(Array)
#2 /var/www/vendor/monolog/monolog/src/Monolog/Logger.php(615): Monolog\Logger->addRecord(400, Object(UnexpectedValueException), Array)
#3 /var/www/vendor/laravel/framework/src/Illuminate/Log/Writer.php(202): Monolog\Logger->error(Object(UnexpectedValueException), Array)
#4 /var/www/vendor/laravel/framework/src/Illuminate/Log/Writer.php(113): Illuminate\Log\Writer->writeLog('error', Object(UnexpectedValueException), Array)
#5 /var/www/vendor/laravel/framework/src/Illuminate/Foundation/Ex...
PHP message: PHP Fatal error:  Uncaught UnexpectedValueException: The stream or file "/var/www/storage/logs/laravel.log" could not be opened: failed to open stream: Permission denied in /var/www/vendor/monolog/monolog/src/Monolog/Handler/StreamHandler.php:107
Stack trace:
#0 /var/www/vendor/monolog/monolog/src/Monolog/Handler/AbstractProcessingHandler.php(37): Monolog\Handler\StreamHandler->write(Array)
#1 /var/www/vendor/monolog/monolog/src/Monolog/Logger.php(336): Monolog\Handler\AbstractProcessingHandler->handle(Array)
#2 /var/www/vendor/monolog/monolog/src/Monolog/Logger.php(615): Monolog\Logger->addRecord(400, Object(Symfony\Component\Debug\Exception\FatalErrorException), Array)
#3 /var/www/vendor/laravel/framework/src/Illuminate/Log/Writer.php(202): Monolog\Logger->error(Object(Symfony\Component\Debug\Exception\FatalErrorException), Array)
#4 /var/www/vendor/laravel/framework/src/Illuminate/Log/Writer.php(113): Illuminate\Log\Writer->writeLo
2016/11/15 06:15:38 [error] 7#7: *19 FastCGI sent in stderr: "PHP message: PHP Fatal error:  Uncaught UnexpectedValueException: The stream or file "/var/www/storage/logs/laravel.log" could not be opened: failed to open stream: Permission denied in /var/www/vendor/monolog/monolog/src/Monolog/Handler/StreamHandler.php:107
Stack trace:
#0 /var/www/vendor/monolog/monolog/src/Monolog/Handler/AbstractProcessingHandler.php(37): Monolog\Handler\StreamHandler->write(Array)
#1 /var/www/vendor/monolog/monolog/src/Monolog/Logger.php(336): Monolog\Handler\AbstractProcessingHandler->handle(Array)
#2 /var/www/vendor/monolog/monolog/src/Monolog/Logger.php(615): Monolog\Logger->addRecord(400, Object(UnexpectedValueException), Array)
#3 /var/www/vendor/laravel/framework/src/Illuminate/Log/Writer.php(202): Monolog\Logger->error(Object(UnexpectedValueException), Array)
#4 /var/www/vendor/laravel/framework/src/Illuminate/Log/Writer.php(113): Illuminate\Log\Writer->writeLog('error', Object(UnexpectedValueException), Array)
#5 /var/www/vendor/laravel/framework/src/Illuminate/Foundation/Ex...
PHP message: PHP Fatal error:  Uncaught UnexpectedValueException: The stream or file "/var/www/storage/logs/laravel.log" could not be opened: failed to open stream: Permission denied in /var/www/vendor/monolog/monolog/src/Monolog/Handler/StreamHandler.php:107
Stack trace:
#0 /var/www/vendor/monolog/monolog/src/Monolog/Handler/AbstractProcessingHandler.php(37): Monolog\Handler\StreamHandler->write(Array)
#1 /var/www/vendor/monolog/monolog/src/Monolog/Logger.php(336): Monolog\Handler\AbstractProcessingHandler->handle(Array)
#2 /var/www/vendor/monolog/monolog/src/Monolog/Logger.php(615): Monolog\Logger->addRecord(400, Object(Symfony\Component\Debug\Exception\FatalErrorException), Array)
#3 /var/www/vendor/laravel/framework/src/Illuminate/Log/Writer.php(202): Monolog\Logger->error(Object(Symfony\Component\Debug\Exception\FatalErrorException), Array)
#4 /var/www/vendor/laravel/framework/src/Illuminate/Log/Writer.php(113): Illuminate\Log\Writer->writeLo
2016/11/15 06:15:40 [error] 7#7: *19 FastCGI sent in stderr: "PHP message: PHP Fatal error:  Uncaught UnexpectedValueException: The stream or file "/var/www/storage/logs/laravel.log" could not be opened: failed to open stream: Permission denied in /var/www/vendor/monolog/monolog/src/Monolog/Handler/StreamHandler.php:107
Stack trace:
#0 /var/www/vendor/monolog/monolog/src/Monolog/Handler/AbstractProcessingHandler.php(37): Monolog\Handler\StreamHandler->write(Array)
#1 /var/www/vendor/monolog/monolog/src/Monolog/Logger.php(336): Monolog\Handler\AbstractProcessingHandler->handle(Array)
#2 /var/www/vendor/monolog/monolog/src/Monolog/Logger.php(615): Monolog\Logger->addRecord(400, Object(UnexpectedValueException), Array)
#3 /var/www/vendor/laravel/framework/src/Illuminate/Log/Writer.php(202): Monolog\Logger->error(Object(UnexpectedValueException), Array)
#4 /var/www/vendor/laravel/framework/src/Illuminate/Log/Writer.php(113): Illuminate\Log\Writer->writeLog('error', Object(UnexpectedValueException), Array)
#5 /var/www/vendor/laravel/framework/src/Illuminate/Foundation/Ex...
PHP message: PHP Fatal error:  Uncaught UnexpectedValueException: The stream or file "/var/www/storage/logs/laravel.log" could not be opened: failed to open stream: Permission denied in /var/www/vendor/monolog/monolog/src/Monolog/Handler/StreamHandler.php:107
Stack trace:
#0 /var/www/vendor/monolog/monolog/src/Monolog/Handler/AbstractProcessingHandler.php(37): Monolog\Handler\StreamHandler->write(Array)
#1 /var/www/vendor/monolog/monolog/src/Monolog/Logger.php(336): Monolog\Handler\AbstractProcessingHandler->handle(Array)
#2 /var/www/vendor/monolog/monolog/src/Monolog/Logger.php(615): Monolog\Logger->addRecord(400, Object(Symfony\Component\Debug\Exception\FatalErrorException), Array)
#3 /var/www/vendor/laravel/framework/src/Illuminate/Log/Writer.php(202): Monolog\Logger->error(Object(Symfony\Component\Debug\Exception\FatalErrorException), Array)
#4 /var/www/vendor/laravel/framework/src/Illuminate/Log/Writer.php(113): Illuminate\Log\Writer->writeLo
2016/11/15 06:15:41 [error] 7#7: *19 FastCGI sent in stderr: "PHP message: PHP Fatal error:  Uncaught UnexpectedValueException: The stream or file "/var/www/storage/logs/laravel.log" could not be opened: failed to open stream: Permission denied in /var/www/vendor/monolog/monolog/src/Monolog/Handler/StreamHandler.php:107
Stack trace:
#0 /var/www/vendor/monolog/monolog/src/Monolog/Handler/AbstractProcessingHandler.php(37): Monolog\Handler\StreamHandler->write(Array)
#1 /var/www/vendor/monolog/monolog/src/Monolog/Logger.php(336): Monolog\Handler\AbstractProcessingHandler->handle(Array)
#2 /var/www/vendor/monolog/monolog/src/Monolog/Logger.php(615): Monolog\Logger->addRecord(400, Object(UnexpectedValueException), Array)
#3 /var/www/vendor/laravel/framework/src/Illuminate/Log/Writer.php(202): Monolog\Logger->error(Object(UnexpectedValueException), Array)
#4 /var/www/vendor/laravel/framework/src/Illuminate/Log/Writer.php(113): Illuminate\Log\Writer->writeLog('error', Object(UnexpectedValueException), Array)
#5 /var/www/vendor/laravel/framework/src/Illuminate/Foundation/Ex...
PHP message: PHP Fatal error:  Uncaught UnexpectedValueException: The stream or file "/var/www/storage/logs/laravel.log" could not be opened: failed to open stream: Permission denied in /var/www/vendor/monolog/monolog/src/Monolog/Handler/StreamHandler.php:107
Stack trace:
#0 /var/www/vendor/monolog/monolog/src/Monolog/Handler/AbstractProcessingHandler.php(37): Monolog\Handler\StreamHandler->write(Array)
#1 /var/www/vendor/monolog/monolog/src/Monolog/Logger.php(336): Monolog\Handler\AbstractProcessingHandler->handle(Array)
#2 /var/www/vendor/monolog/monolog/src/Monolog/Logger.php(615): Monolog\Logger->addRecord(400, Object(Symfony\Component\Debug\Exception\FatalErrorException), Array)
#3 /var/www/vendor/laravel/framework/src/Illuminate/Log/Writer.php(202): Monolog\Logger->error(Object(Symfony\Component\Debug\Exception\FatalErrorException), Array)
#4 /var/www/vendor/laravel/framework/src/Illuminate/Log/Writer.php(113): Illuminate\Log\Writer->writeLo
2016/11/15 06:15:42 [error] 7#7: *19 FastCGI sent in stderr: "PHP message: PHP Fatal error:  Uncaught UnexpectedValueException: The stream or file "/var/www/storage/logs/laravel.log" could not be opened: failed to open stream: Permission denied in /var/www/vendor/monolog/monolog/src/Monolog/Handler/StreamHandler.php:107
Stack trace:
#0 /var/www/vendor/monolog/monolog/src/Monolog/Handler/AbstractProcessingHandler.php(37): Monolog\Handler\StreamHandler->write(Array)
#1 /var/www/vendor/monolog/monolog/src/Monolog/Logger.php(336): Monolog\Handler\AbstractProcessingHandler->handle(Array)
#2 /var/www/vendor/monolog/monolog/src/Monolog/Logger.php(615): Monolog\Logger->addRecord(400, Object(UnexpectedValueException), Array)
#3 /var/www/vendor/laravel/framework/src/Illuminate/Log/Writer.php(202): Monolog\Logger->error(Object(UnexpectedValueException), Array)
#4 /var/www/vendor/laravel/framework/src/Illuminate/Log/Writer.php(113): Illuminate\Log\Writer->writeLog('error', Object(UnexpectedValueException), Array)
#5 /var/www/vendor/laravel/framework/src/Illuminate/Foundation/Ex...
PHP message: PHP Fatal error:  Uncaught UnexpectedValueException: The stream or file "/var/www/storage/logs/laravel.log" could not be opened: failed to open stream: Permission denied in /var/www/vendor/monolog/monolog/src/Monolog/Handler/StreamHandler.php:107
Stack trace:
#0 /var/www/vendor/monolog/monolog/src/Monolog/Handler/AbstractProcessingHandler.php(37): Monolog\Handler\StreamHandler->write(Array)
#1 /var/www/vendor/monolog/monolog/src/Monolog/Logger.php(336): Monolog\Handler\AbstractProcessingHandler->handle(Array)
#2 /var/www/vendor/monolog/monolog/src/Monolog/Logger.php(615): Monolog\Logger->addRecord(400, Object(Symfony\Component\Debug\Exception\FatalErrorException), Array)
#3 /var/www/vendor/laravel/framework/src/Illuminate/Log/Writer.php(202): Monolog\Logger->error(Object(Symfony\Component\Debug\Exception\FatalErrorException), Array)
#4 /var/www/vendor/laravel/framework/src/Illuminate/Log/Writer.php(113): Illuminate\Log\Writer->writeLo
2016/11/15 06:16:58 [error] 9#9: *1 FastCGI sent in stderr: "PHP message: PHP Fatal error:  Uncaught UnexpectedValueException: The stream or file "/var/www/storage/logs/laravel.log" could not be opened: failed to open stream: Permission denied in /var/www/vendor/monolog/monolog/src/Monolog/Handler/StreamHandler.php:107
Stack trace:
#0 /var/www/vendor/monolog/monolog/src/Monolog/Handler/AbstractProcessingHandler.php(37): Monolog\Handler\StreamHandler->write(Array)
#1 /var/www/vendor/monolog/monolog/src/Monolog/Logger.php(336): Monolog\Handler\AbstractProcessingHandler->handle(Array)
#2 /var/www/vendor/monolog/monolog/src/Monolog/Logger.php(615): Monolog\Logger->addRecord(400, Object(UnexpectedValueException), Array)
#3 /var/www/vendor/laravel/framework/src/Illuminate/Log/Writer.php(202): Monolog\Logger->error(Object(UnexpectedValueException), Array)
#4 /var/www/vendor/laravel/framework/src/Illuminate/Log/Writer.php(113): Illuminate\Log\Writer->writeLog('error', Object(UnexpectedValueException), Array)
#5 /var/www/vendor/laravel/framework/src/Illuminate/Foundation/Ex...
PHP message: PHP Fatal error:  Uncaught UnexpectedValueException: The stream or file "/var/www/storage/logs/laravel.log" could not be opened: failed to open stream: Permission denied in /var/www/vendor/monolog/monolog/src/Monolog/Handler/StreamHandler.php:107
Stack trace:
#0 /var/www/vendor/monolog/monolog/src/Monolog/Handler/AbstractProcessingHandler.php(37): Monolog\Handler\StreamHandler->write(Array)
#1 /var/www/vendor/monolog/monolog/src/Monolog/Logger.php(336): Monolog\Handler\AbstractProcessingHandler->handle(Array)
#2 /var/www/vendor/monolog/monolog/src/Monolog/Logger.php(615): Monolog\Logger->addRecord(400, Object(Symfony\Component\Debug\Exception\FatalErrorException), Array)
#3 /var/www/vendor/laravel/framework/src/Illuminate/Log/Writer.php(202): Monolog\Logger->error(Object(Symfony\Component\Debug\Exception\FatalErrorException), Array)
#4 /var/www/vendor/laravel/framework/src/Illuminate/Log/Writer.php(113): Illuminate\Log\Writer->writeLog
2016/11/15 06:17:00 [error] 9#9: *1 FastCGI sent in stderr: "PHP message: PHP Fatal error:  Uncaught UnexpectedValueException: The stream or file "/var/www/storage/logs/laravel.log" could not be opened: failed to open stream: Permission denied in /var/www/vendor/monolog/monolog/src/Monolog/Handler/StreamHandler.php:107
Stack trace:
#0 /var/www/vendor/monolog/monolog/src/Monolog/Handler/AbstractProcessingHandler.php(37): Monolog\Handler\StreamHandler->write(Array)
#1 /var/www/vendor/monolog/monolog/src/Monolog/Logger.php(336): Monolog\Handler\AbstractProcessingHandler->handle(Array)
#2 /var/www/vendor/monolog/monolog/src/Monolog/Logger.php(615): Monolog\Logger->addRecord(400, Object(UnexpectedValueException), Array)
#3 /var/www/vendor/laravel/framework/src/Illuminate/Log/Writer.php(202): Monolog\Logger->error(Object(UnexpectedValueException), Array)
#4 /var/www/vendor/laravel/framework/src/Illuminate/Log/Writer.php(113): Illuminate\Log\Writer->writeLog('error', Object(UnexpectedValueException), Array)
#5 /var/www/vendor/laravel/framework/src/Illuminate/Foundation/Ex...
PHP message: PHP Fatal error:  Uncaught UnexpectedValueException: The stream or file "/var/www/storage/logs/laravel.log" could not be opened: failed to open stream: Permission denied in /var/www/vendor/monolog/monolog/src/Monolog/Handler/StreamHandler.php:107
Stack trace:
#0 /var/www/vendor/monolog/monolog/src/Monolog/Handler/AbstractProcessingHandler.php(37): Monolog\Handler\StreamHandler->write(Array)
#1 /var/www/vendor/monolog/monolog/src/Monolog/Logger.php(336): Monolog\Handler\AbstractProcessingHandler->handle(Array)
#2 /var/www/vendor/monolog/monolog/src/Monolog/Logger.php(615): Monolog\Logger->addRecord(400, Object(Symfony\Component\Debug\Exception\FatalErrorException), Array)
#3 /var/www/vendor/laravel/framework/src/Illuminate/Log/Writer.php(202): Monolog\Logger->error(Object(Symfony\Component\Debug\Exception\FatalErrorException), Array)
#4 /var/www/vendor/laravel/framework/src/Illuminate/Log/Writer.php(113): Illuminate\Log\Writer->writeLog
2016/11/15 06:17:01 [error] 9#9: *1 FastCGI sent in stderr: "PHP message: PHP Fatal error:  Uncaught UnexpectedValueException: The stream or file "/var/www/storage/logs/laravel.log" could not be opened: failed to open stream: Permission denied in /var/www/vendor/monolog/monolog/src/Monolog/Handler/StreamHandler.php:107
Stack trace:
#0 /var/www/vendor/monolog/monolog/src/Monolog/Handler/AbstractProcessingHandler.php(37): Monolog\Handler\StreamHandler->write(Array)
#1 /var/www/vendor/monolog/monolog/src/Monolog/Logger.php(336): Monolog\Handler\AbstractProcessingHandler->handle(Array)
#2 /var/www/vendor/monolog/monolog/src/Monolog/Logger.php(615): Monolog\Logger->addRecord(400, Object(UnexpectedValueException), Array)
#3 /var/www/vendor/laravel/framework/src/Illuminate/Log/Writer.php(202): Monolog\Logger->error(Object(UnexpectedValueException), Array)
#4 /var/www/vendor/laravel/framework/src/Illuminate/Log/Writer.php(113): Illuminate\Log\Writer->writeLog('error', Object(UnexpectedValueException), Array)
#5 /var/www/vendor/laravel/framework/src/Illuminate/Foundation/Ex...
PHP message: PHP Fatal error:  Uncaught UnexpectedValueException: The stream or file "/var/www/storage/logs/laravel.log" could not be opened: failed to open stream: Permission denied in /var/www/vendor/monolog/monolog/src/Monolog/Handler/StreamHandler.php:107
Stack trace:
#0 /var/www/vendor/monolog/monolog/src/Monolog/Handler/AbstractProcessingHandler.php(37): Monolog\Handler\StreamHandler->write(Array)
#1 /var/www/vendor/monolog/monolog/src/Monolog/Logger.php(336): Monolog\Handler\AbstractProcessingHandler->handle(Array)
#2 /var/www/vendor/monolog/monolog/src/Monolog/Logger.php(615): Monolog\Logger->addRecord(400, Object(Symfony\Component\Debug\Exception\FatalErrorException), Array)
#3 /var/www/vendor/laravel/framework/src/Illuminate/Log/Writer.php(202): Monolog\Logger->error(Object(Symfony\Component\Debug\Exception\FatalErrorException), Array)
#4 /var/www/vendor/laravel/framework/src/Illuminate/Log/Writer.php(113): Illuminate\Log\Writer->writeLog
2016/11/15 06:18:07 [error] 7#7: *5 FastCGI sent in stderr: "PHP message: PHP Fatal error:  Uncaught UnexpectedValueException: The stream or file "/var/www/storage/logs/laravel.log" could not be opened: failed to open stream: Permission denied in /var/www/vendor/monolog/monolog/src/Monolog/Handler/StreamHandler.php:107
Stack trace:
#0 /var/www/vendor/monolog/monolog/src/Monolog/Handler/AbstractProcessingHandler.php(37): Monolog\Handler\StreamHandler->write(Array)
#1 /var/www/vendor/monolog/monolog/src/Monolog/Logger.php(336): Monolog\Handler\AbstractProcessingHandler->handle(Array)
#2 /var/www/vendor/monolog/monolog/src/Monolog/Logger.php(615): Monolog\Logger->addRecord(400, Object(UnexpectedValueException), Array)
#3 /var/www/vendor/laravel/framework/src/Illuminate/Log/Writer.php(202): Monolog\Logger->error(Object(UnexpectedValueException), Array)
#4 /var/www/vendor/laravel/framework/src/Illuminate/Log/Writer.php(113): Illuminate\Log\Writer->writeLog('error', Object(UnexpectedValueException), Array)
#5 /var/www/vendor/laravel/framework/src/Illuminate/Foundation/Ex...
PHP message: PHP Fatal error:  Uncaught UnexpectedValueException: The stream or file "/var/www/storage/logs/laravel.log" could not be opened: failed to open stream: Permission denied in /var/www/vendor/monolog/monolog/src/Monolog/Handler/StreamHandler.php:107
Stack trace:
#0 /var/www/vendor/monolog/monolog/src/Monolog/Handler/AbstractProcessingHandler.php(37): Monolog\Handler\StreamHandler->write(Array)
#1 /var/www/vendor/monolog/monolog/src/Monolog/Logger.php(336): Monolog\Handler\AbstractProcessingHandler->handle(Array)
#2 /var/www/vendor/monolog/monolog/src/Monolog/Logger.php(615): Monolog\Logger->addRecord(400, Object(Symfony\Component\Debug\Exception\FatalErrorException), Array)
#3 /var/www/vendor/laravel/framework/src/Illuminate/Log/Writer.php(202): Monolog\Logger->error(Object(Symfony\Component\Debug\Exception\FatalErrorException), Array)
#4 /var/www/vendor/laravel/framework/src/Illuminate/Log/Writer.php(113): Illuminate\Log\Writer->writeLog
2016/11/15 06:18:11 [error] 7#7: *5 FastCGI sent in stderr: "PHP message: PHP Fatal error:  Uncaught UnexpectedValueException: The stream or file "/var/www/storage/logs/laravel.log" could not be opened: failed to open stream: Permission denied in /var/www/vendor/monolog/monolog/src/Monolog/Handler/StreamHandler.php:107
Stack trace:
#0 /var/www/vendor/monolog/monolog/src/Monolog/Handler/AbstractProcessingHandler.php(37): Monolog\Handler\StreamHandler->write(Array)
#1 /var/www/vendor/monolog/monolog/src/Monolog/Logger.php(336): Monolog\Handler\AbstractProcessingHandler->handle(Array)
#2 /var/www/vendor/monolog/monolog/src/Monolog/Logger.php(615): Monolog\Logger->addRecord(400, Object(UnexpectedValueException), Array)
#3 /var/www/vendor/laravel/framework/src/Illuminate/Log/Writer.php(202): Monolog\Logger->error(Object(UnexpectedValueException), Array)
#4 /var/www/vendor/laravel/framework/src/Illuminate/Log/Writer.php(113): Illuminate\Log\Writer->writeLog('error', Object(UnexpectedValueException), Array)
#5 /var/www/vendor/laravel/framework/src/Illuminate/Foundation/Ex...
PHP message: PHP Fatal error:  Uncaught UnexpectedValueException: The stream or file "/var/www/storage/logs/laravel.log" could not be opened: failed to open stream: Permission denied in /var/www/vendor/monolog/monolog/src/Monolog/Handler/StreamHandler.php:107
Stack trace:
#0 /var/www/vendor/monolog/monolog/src/Monolog/Handler/AbstractProcessingHandler.php(37): Monolog\Handler\StreamHandler->write(Array)
#1 /var/www/vendor/monolog/monolog/src/Monolog/Logger.php(336): Monolog\Handler\AbstractProcessingHandler->handle(Array)
#2 /var/www/vendor/monolog/monolog/src/Monolog/Logger.php(615): Monolog\Logger->addRecord(400, Object(Symfony\Component\Debug\Exception\FatalErrorException), Array)
#3 /var/www/vendor/laravel/framework/src/Illuminate/Log/Writer.php(202): Monolog\Logger->error(Object(Symfony\Component\Debug\Exception\FatalErrorException), Array)
#4 /var/www/vendor/laravel/framework/src/Illuminate/Log/Writer.php(113): Illuminate\Log\Writer->writeLog
2016/11/18 06:19:58 [error] 9#9: *220 FastCGI sent in stderr: "PHP message: PHP Warning:  require(/var/www/bootstrap/../vendor/autoload.php): failed to open stream: No such file or directory in /var/www/bootstrap/autoload.php on line 17
PHP message: PHP Fatal error:  require(): Failed opening required '/var/www/bootstrap/../vendor/autoload.php' (include_path='.:/usr/local/lib/php') in /var/www/bootstrap/autoload.php on line 17" while reading response header from upstream, client: 172.18.0.1, server: laradock, request: "GET / HTTP/1.1", upstream: "fastcgi://172.18.0.5:9000", host: "dataforum.org", referrer: "http://dataforum.org/home"
2016/11/18 06:20:00 [error] 9#9: *220 FastCGI sent in stderr: "PHP message: PHP Warning:  require(/var/www/bootstrap/../vendor/autoload.php): failed to open stream: No such file or directory in /var/www/bootstrap/autoload.php on line 17
PHP message: PHP Fatal error:  require(): Failed opening required '/var/www/bootstrap/../vendor/autoload.php' (include_path='.:/usr/local/lib/php') in /var/www/bootstrap/autoload.php on line 17" while reading response header from upstream, client: 172.18.0.1, server: laradock, request: "GET / HTTP/1.1", upstream: "fastcgi://172.18.0.5:9000", host: "dataforum.org"
2016/11/18 06:20:01 [error] 9#9: *220 FastCGI sent in stderr: "PHP message: PHP Warning:  require(/var/www/bootstrap/../vendor/autoload.php): failed to open stream: No such file or directory in /var/www/bootstrap/autoload.php on line 17
PHP message: PHP Fatal error:  require(): Failed opening required '/var/www/bootstrap/../vendor/autoload.php' (include_path='.:/usr/local/lib/php') in /var/www/bootstrap/autoload.php on line 17" while reading response header from upstream, client: 172.18.0.1, server: laradock, request: "GET / HTTP/1.1", upstream: "fastcgi://172.18.0.5:9000", host: "dataforum.org"
2016/11/18 06:20:32 [error] 7#7: *225 FastCGI sent in stderr: "PHP message: PHP Warning:  require(/var/www/bootstrap/../vendor/autoload.php): failed to open stream: No such file or directory in /var/www/bootstrap/autoload.php on line 17
PHP message: PHP Fatal error:  require(): Failed opening required '/var/www/bootstrap/../vendor/autoload.php' (include_path='.:/usr/local/lib/php') in /var/www/bootstrap/autoload.php on line 17" while reading response header from upstream, client: 172.18.0.1, server: laradock, request: "GET / HTTP/1.1", upstream: "fastcgi://172.18.0.5:9000", host: "dataforum.org"
2016/11/18 06:20:34 [error] 7#7: *225 FastCGI sent in stderr: "PHP message: PHP Warning:  require(/var/www/bootstrap/../vendor/autoload.php): failed to open stream: No such file or directory in /var/www/bootstrap/autoload.php on line 17
PHP message: PHP Fatal error:  require(): Failed opening required '/var/www/bootstrap/../vendor/autoload.php' (include_path='.:/usr/local/lib/php') in /var/www/bootstrap/autoload.php on line 17" while reading response header from upstream, client: 172.18.0.1, server: laradock, request: "GET / HTTP/1.1", upstream: "fastcgi://172.18.0.5:9000", host: "dataforum.org"
2016/11/18 06:20:34 [error] 7#7: *225 FastCGI sent in stderr: "PHP message: PHP Warning:  require(/var/www/bootstrap/../vendor/autoload.php): failed to open stream: No such file or directory in /var/www/bootstrap/autoload.php on line 17
PHP message: PHP Fatal error:  require(): Failed opening required '/var/www/bootstrap/../vendor/autoload.php' (include_path='.:/usr/local/lib/php') in /var/www/bootstrap/autoload.php on line 17" while reading response header from upstream, client: 172.18.0.1, server: laradock, request: "GET / HTTP/1.1", upstream: "fastcgi://172.18.0.5:9000", host: "dataforum.org"
2016/11/18 06:20:35 [error] 7#7: *225 FastCGI sent in stderr: "PHP message: PHP Warning:  require(/var/www/bootstrap/../vendor/autoload.php): failed to open stream: No such file or directory in /var/www/bootstrap/autoload.php on line 17
PHP message: PHP Fatal error:  require(): Failed opening required '/var/www/bootstrap/../vendor/autoload.php' (include_path='.:/usr/local/lib/php') in /var/www/bootstrap/autoload.php on line 17" while reading response header from upstream, client: 172.18.0.1, server: laradock, request: "GET / HTTP/1.1", upstream: "fastcgi://172.18.0.5:9000", host: "dataforum.org"
2016/11/18 06:20:36 [error] 7#7: *225 FastCGI sent in stderr: "PHP message: PHP Warning:  require(/var/www/bootstrap/../vendor/autoload.php): failed to open stream: No such file or directory in /var/www/bootstrap/autoload.php on line 17
PHP message: PHP Fatal error:  require(): Failed opening required '/var/www/bootstrap/../vendor/autoload.php' (include_path='.:/usr/local/lib/php') in /var/www/bootstrap/autoload.php on line 17" while reading response header from upstream, client: 172.18.0.1, server: laradock, request: "GET / HTTP/1.1", upstream: "fastcgi://172.18.0.5:9000", host: "dataforum.org"
2016/11/18 06:20:36 [error] 7#7: *225 FastCGI sent in stderr: "PHP message: PHP Warning:  require(/var/www/bootstrap/../vendor/autoload.php): failed to open stream: No such file or directory in /var/www/bootstrap/autoload.php on line 17
PHP message: PHP Fatal error:  require(): Failed opening required '/var/www/bootstrap/../vendor/autoload.php' (include_path='.:/usr/local/lib/php') in /var/www/bootstrap/autoload.php on line 17" while reading response header from upstream, client: 172.18.0.1, server: laradock, request: "GET / HTTP/1.1", upstream: "fastcgi://172.18.0.5:9000", host: "dataforum.org"
2016/11/18 06:20:59 [error] 8#8: *233 FastCGI sent in stderr: "PHP message: PHP Warning:  require(/var/www/bootstrap/../vendor/autoload.php): failed to open stream: No such file or directory in /var/www/bootstrap/autoload.php on line 17
PHP message: PHP Fatal error:  require(): Failed opening required '/var/www/bootstrap/../vendor/autoload.php' (include_path='.:/usr/local/lib/php') in /var/www/bootstrap/autoload.php on line 17" while reading response header from upstream, client: 172.18.0.1, server: laradock, request: "GET / HTTP/1.1", upstream: "fastcgi://172.18.0.5:9000", host: "dataforum.org"
2016/11/18 06:21:00 [error] 8#8: *233 FastCGI sent in stderr: "PHP message: PHP Warning:  require(/var/www/bootstrap/../vendor/autoload.php): failed to open stream: No such file or directory in /var/www/bootstrap/autoload.php on line 17
PHP message: PHP Fatal error:  require(): Failed opening required '/var/www/bootstrap/../vendor/autoload.php' (include_path='.:/usr/local/lib/php') in /var/www/bootstrap/autoload.php on line 17" while reading response header from upstream, client: 172.18.0.1, server: laradock, request: "GET / HTTP/1.1", upstream: "fastcgi://172.18.0.5:9000", host: "dataforum.org"
2016/11/18 06:25:43 [error] 8#8: *236 FastCGI sent in stderr: "PHP message: PHP Warning:  require(/var/www/bootstrap/../vendor/autoload.php): failed to open stream: No such file or directory in /var/www/bootstrap/autoload.php on line 17
PHP message: PHP Fatal error:  require(): Failed opening required '/var/www/bootstrap/../vendor/autoload.php' (include_path='.:/usr/local/lib/php') in /var/www/bootstrap/autoload.php on line 17" while reading response header from upstream, client: 172.18.0.1, server: laradock, request: "GET / HTTP/1.1", upstream: "fastcgi://172.18.0.5:9000", host: "localhost"
2016/11/18 06:30:31 [error] 9#9: *238 FastCGI sent in stderr: "PHP message: PHP Warning:  require(/var/www/bootstrap/../vendor/autoload.php): failed to open stream: No such file or directory in /var/www/bootstrap/autoload.php on line 17
PHP message: PHP Fatal error:  require(): Failed opening required '/var/www/bootstrap/../vendor/autoload.php' (include_path='.:/usr/local/lib/php') in /var/www/bootstrap/autoload.php on line 17" while reading response header from upstream, client: 172.18.0.1, server: laradock, request: "GET / HTTP/1.1", upstream: "fastcgi://172.18.0.5:9000", host: "dataforum.org"
2016/11/18 06:30:33 [error] 9#9: *238 FastCGI sent in stderr: "PHP message: PHP Warning:  require(/var/www/bootstrap/../vendor/autoload.php): failed to open stream: No such file or directory in /var/www/bootstrap/autoload.php on line 17
PHP message: PHP Fatal error:  require(): Failed opening required '/var/www/bootstrap/../vendor/autoload.php' (include_path='.:/usr/local/lib/php') in /var/www/bootstrap/autoload.php on line 17" while reading response header from upstream, client: 172.18.0.1, server: laradock, request: "GET / HTTP/1.1", upstream: "fastcgi://172.18.0.5:9000", host: "dataforum.org"
2016/11/18 06:30:35 [error] 9#9: *238 FastCGI sent in stderr: "PHP message: PHP Warning:  require(/var/www/bootstrap/../vendor/autoload.php): failed to open stream: No such file or directory in /var/www/bootstrap/autoload.php on line 17
PHP message: PHP Fatal error:  require(): Failed opening required '/var/www/bootstrap/../vendor/autoload.php' (include_path='.:/usr/local/lib/php') in /var/www/bootstrap/autoload.php on line 17" while reading response header from upstream, client: 172.18.0.1, server: laradock, request: "GET / HTTP/1.1", upstream: "fastcgi://172.18.0.5:9000", host: "dataforum.org"
2016/11/18 06:30:36 [error] 9#9: *238 FastCGI sent in stderr: "PHP message: PHP Warning:  require(/var/www/bootstrap/../vendor/autoload.php): failed to open stream: No such file or directory in /var/www/bootstrap/autoload.php on line 17
PHP message: PHP Fatal error:  require(): Failed opening required '/var/www/bootstrap/../vendor/autoload.php' (include_path='.:/usr/local/lib/php') in /var/www/bootstrap/autoload.php on line 17" while reading response header from upstream, client: 172.18.0.1, server: laradock, request: "GET / HTTP/1.1", upstream: "fastcgi://172.18.0.5:9000", host: "dataforum.org"
2016/11/18 06:30:37 [error] 9#9: *238 FastCGI sent in stderr: "PHP message: PHP Warning:  require(/var/www/bootstrap/../vendor/autoload.php): failed to open stream: No such file or directory in /var/www/bootstrap/autoload.php on line 17
PHP message: PHP Fatal error:  require(): Failed opening required '/var/www/bootstrap/../vendor/autoload.php' (include_path='.:/usr/local/lib/php') in /var/www/bootstrap/autoload.php on line 17" while reading response header from upstream, client: 172.18.0.1, server: laradock, request: "GET / HTTP/1.1", upstream: "fastcgi://172.18.0.5:9000", host: "dataforum.org"
2016/11/18 06:30:38 [error] 9#9: *238 FastCGI sent in stderr: "PHP message: PHP Warning:  require(/var/www/bootstrap/../vendor/autoload.php): failed to open stream: No such file or directory in /var/www/bootstrap/autoload.php on line 17
PHP message: PHP Fatal error:  require(): Failed opening required '/var/www/bootstrap/../vendor/autoload.php' (include_path='.:/usr/local/lib/php') in /var/www/bootstrap/autoload.php on line 17" while reading response header from upstream, client: 172.18.0.1, server: laradock, request: "GET / HTTP/1.1", upstream: "fastcgi://172.18.0.5:9000", host: "dataforum.org"
2016/11/18 06:30:38 [error] 9#9: *238 FastCGI sent in stderr: "PHP message: PHP Warning:  require(/var/www/bootstrap/../vendor/autoload.php): failed to open stream: No such file or directory in /var/www/bootstrap/autoload.php on line 17
PHP message: PHP Fatal error:  require(): Failed opening required '/var/www/bootstrap/../vendor/autoload.php' (include_path='.:/usr/local/lib/php') in /var/www/bootstrap/autoload.php on line 17" while reading response header from upstream, client: 172.18.0.1, server: laradock, request: "GET / HTTP/1.1", upstream: "fastcgi://172.18.0.5:9000", host: "dataforum.org"
2016/11/18 06:30:39 [error] 9#9: *238 FastCGI sent in stderr: "PHP message: PHP Warning:  require(/var/www/bootstrap/../vendor/autoload.php): failed to open stream: No such file or directory in /var/www/bootstrap/autoload.php on line 17
PHP message: PHP Fatal error:  require(): Failed opening required '/var/www/bootstrap/../vendor/autoload.php' (include_path='.:/usr/local/lib/php') in /var/www/bootstrap/autoload.php on line 17" while reading response header from upstream, client: 172.18.0.1, server: laradock, request: "GET / HTTP/1.1", upstream: "fastcgi://172.18.0.5:9000", host: "dataforum.org"
2016/11/18 06:30:41 [error] 9#9: *238 FastCGI sent in stderr: "PHP message: PHP Warning:  require(/var/www/bootstrap/../vendor/autoload.php): failed to open stream: No such file or directory in /var/www/bootstrap/autoload.php on line 17
PHP message: PHP Fatal error:  require(): Failed opening required '/var/www/bootstrap/../vendor/autoload.php' (include_path='.:/usr/local/lib/php') in /var/www/bootstrap/autoload.php on line 17" while reading response header from upstream, client: 172.18.0.1, server: laradock, request: "GET / HTTP/1.1", upstream: "fastcgi://172.18.0.5:9000", host: "dataforum.org"
